<?xml version="1.0" encoding="UTF-8"?>
<!-- Generated by org.testng.reporters.JUnitXMLReporter -->
<testsuite ignored="0" hostname="DESKTOP-NNHGC20" failures="1" tests="1" name="Banking App Test" time="33.335" errors="0" timestamp="2021-12-26T13:29:02 IST">
  <testcase classname="com.inetBankingV1.testCases.tc_LoginDDT_002" name="loginDDT" time="0.0">
    <failure type="org.testng.TestNGException" message="
Method public void com.inetBankingV1.testCases.tc_LoginDDT_002.loginDDT(java.lang.String,java.lang.String) requires a @DataProvider named : Logindata">
      <![CDATA[org.testng.TestNGException: 
Method public void com.inetBankingV1.testCases.tc_LoginDDT_002.loginDDT(java.lang.String,java.lang.String) requires a @DataProvider named : Logindata
at java.base/java.util.ArrayList.forEach(ArrayList.java:1511)
... Removed 24 stack frames]]>
    </failure>
  </testcase> <!-- loginDDT -->
</testsuite> <!-- Banking App Test -->
