<?xml version="1.0" encoding="UTF-8"?>
<testng-results ignored="0" total="1" passed="1" failed="0" skipped="0">
  <reporter-output>
  </reporter-output>
  <suite started-at="2022-01-01T14:50:18 IST" name="InetBankingV1" finished-at="2022-01-01T14:51:20 IST" duration-ms="62061">
    <groups>
    </groups>
    <test started-at="2022-01-01T14:50:18 IST" name="Banking App Test" finished-at="2022-01-01T14:51:20 IST" duration-ms="62061">
      <class name="com.inetBankingV1.testCases.TC_AddCustomerTest_003">
        <test-method is-config="true" signature="setUp(java.lang.String)[pri:0, instance:com.inetBankingV1.testCases.TC_AddCustomerTest_003@6ac13091]" started-at="2022-01-01T14:50:19 IST" name="setUp" finished-at="2022-01-01T14:50:50 IST" duration-ms="30686" status="PASS">
          <params>
            <param index="0">
              <value>
                <![CDATA[chrome]]>
              </value>
            </param>
          </params>
          <reporter-output>
          </reporter-output>
        </test-method> <!-- setUp -->
        <test-method signature="addNewCustomer()[pri:0, instance:com.inetBankingV1.testCases.TC_AddCustomerTest_003@6ac13091]" started-at="2022-01-01T14:50:50 IST" name="addNewCustomer" finished-at="2022-01-01T14:51:18 IST" duration-ms="28159" status="PASS">
          <reporter-output>
          </reporter-output>
        </test-method> <!-- addNewCustomer -->
        <test-method is-config="true" signature="tearDown()[pri:0, instance:com.inetBankingV1.testCases.TC_AddCustomerTest_003@6ac13091]" started-at="2022-01-01T14:51:18 IST" name="tearDown" finished-at="2022-01-01T14:51:20 IST" duration-ms="2108" status="PASS">
          <reporter-output>
          </reporter-output>
        </test-method> <!-- tearDown -->
      </class> <!-- com.inetBankingV1.testCases.TC_AddCustomerTest_003 -->
    </test> <!-- Banking App Test -->
  </suite> <!-- InetBankingV1 -->
</testng-results>
