<?xml version="1.0" encoding="UTF-8"?>
<testng-results ignored="0" total="1" passed="1" failed="0" skipped="0">
  <reporter-output>
  </reporter-output>
  <suite started-at="2022-01-03T14:38:50 IST" name="InetBankingV1" finished-at="2022-01-03T14:39:52 IST" duration-ms="62262">
    <groups>
    </groups>
    <test started-at="2022-01-03T14:38:50 IST" name="Banking App Test" finished-at="2022-01-03T14:39:52 IST" duration-ms="62262">
      <class name="com.inetBankingV1.testCases.TC_AddCustomerTest_003">
        <test-method is-config="true" signature="setUp(java.lang.String)[pri:0, instance:com.inetBankingV1.testCases.TC_AddCustomerTest_003@8dbdac1]" started-at="2022-01-03T14:38:51 IST" name="setUp" finished-at="2022-01-03T14:39:24 IST" duration-ms="32945" status="PASS">
          <params>
            <param index="0">
              <value>
                <![CDATA[chrome]]>
              </value>
            </param>
          </params>
          <reporter-output>
          </reporter-output>
        </test-method> <!-- setUp -->
        <test-method signature="addNewCustomer()[pri:0, instance:com.inetBankingV1.testCases.TC_AddCustomerTest_003@8dbdac1]" started-at="2022-01-03T14:39:24 IST" name="addNewCustomer" finished-at="2022-01-03T14:39:50 IST" duration-ms="25886" status="PASS">
          <reporter-output>
          </reporter-output>
        </test-method> <!-- addNewCustomer -->
        <test-method is-config="true" signature="tearDown()[pri:0, instance:com.inetBankingV1.testCases.TC_AddCustomerTest_003@8dbdac1]" started-at="2022-01-03T14:39:51 IST" name="tearDown" finished-at="2022-01-03T14:39:52 IST" duration-ms="844" status="PASS">
          <reporter-output>
          </reporter-output>
        </test-method> <!-- tearDown -->
      </class> <!-- com.inetBankingV1.testCases.TC_AddCustomerTest_003 -->
    </test> <!-- Banking App Test -->
  </suite> <!-- InetBankingV1 -->
</testng-results>
